<?xml version="1.0" encoding="UTF-8"?>
<!-- Generated by org.testng.reporters.JUnitReportReporter -->
<testsuite hostname="MSI" failures="0" tests="1" name="actionExample.AmazonWishList" time="1.477" errors="0" timestamp="28 Jul 2023 09:55:45 GMT">
  <testcase classname="actionExample.AmazonWishList" name="verifyWishList" time="1.477"/>
</testsuite> <!-- actionExample.AmazonWishList -->
