<?xml version="1.0" encoding="UTF-8"?>
<!-- Generated by org.testng.reporters.JUnitReportReporter -->
<testsuite hostname="MSI" failures="0" tests="1" name="testScripts.DatePickerExample" time="13.736" errors="0" timestamp="29 Jul 2023 02:25:22 GMT">
  <testcase classname="testScripts.DatePickerExample" name="dateTimePicker" time="13.736"/>
</testsuite> <!-- testScripts.DatePickerExample -->
