<?xml version="1.0" encoding="UTF-8"?>
<!-- Generated by org.testng.reporters.JUnitReportReporter -->
<testsuite hostname="MSI" failures="0" tests="1" name="testScripts.DatePickerTests_Function_2" time="6.739" errors="0" timestamp="29 Jul 2023 02:35:14 GMT">
  <testcase classname="testScripts.DatePickerTests_Function_2" name="DatepickerTest" time="6.739"/>
</testsuite> <!-- testScripts.DatePickerTests_Function_2 -->
