<?xml version="1.0" encoding="UTF-8"?>
<!-- Generated by org.testng.reporters.JUnitReportReporter -->
<testsuite hostname="MSI" failures="0" tests="1" name="testScripts.DatePickerTests_Function" time="11.155" errors="0" timestamp="29 Jul 2023 02:37:15 GMT">
  <testcase classname="testScripts.DatePickerTests_Function" name="turkishAirlinesDatePicker" time="11.155"/>
</testsuite> <!-- testScripts.DatePickerTests_Function -->
