<?xml version="1.0" encoding="UTF-8"?>
<!-- Generated by org.testng.reporters.JUnitReportReporter -->
<testsuite hostname="MSI" failures="0" tests="1" name="testScripts.DatePickerExample3" time="11.326" errors="0" timestamp="29 Jul 2023 02:31:04 GMT">
  <testcase classname="testScripts.DatePickerExample3" name="dateTimePicker" time="11.326"/>
</testsuite> <!-- testScripts.DatePickerExample3 -->
