<?xml version="1.0" encoding="UTF-8"?>
<!-- Generated by org.testng.reporters.JUnitReportReporter -->
<testsuite hostname="MSI" name="logExampleTestNG.NOPCommApp" tests="1" failures="0" timestamp="1 Aug 2023 09:06:12 GMT" time="20.566" errors="0">
  <testcase name="verifyLoginTest" time="20.566" classname="logExampleTestNG.NOPCommApp"/>
</testsuite> <!-- logExampleTestNG.NOPCommApp -->
